Using pre-set license
Built from '2021.3/staging' branch; Version is '2021.3.26f1 (a16dc32e0ff2) revision 10579395'; Using compiler version '192829333'; Build Type 'Release'
OS: 'Windows 10  (10.0.19045) 64bit Core' Language: 'ru' Physical Memory: 32621 MB
BatchMode: 1, IsHumanControllingUs: 0, StartBugReporterOnCrash: 0, Is64bit: 1, IsPro: 1

COMMAND LINE ARGUMENTS:
C:\Program Files\Unity\Hub\Editor\2021.3.26f1\Editor\Unity.exe
-adb2
-batchMode
-noUpm
-name
AssetImportWorker0
-projectPath
D:/Work/GitPrograms/PocketZoneTest/PocketZone
-logFile
Logs/AssetImportWorker0.log
-srvPort
52382
Successfully changed project path to: D:/Work/GitPrograms/PocketZoneTest/PocketZone
D:/Work/GitPrograms/PocketZoneTest/PocketZone
[UnityMemory] Configuration Parameters - Can be set up in boot.config
    "memorysetup-bucket-allocator-granularity=16"
    "memorysetup-bucket-allocator-bucket-count=8"
    "memorysetup-bucket-allocator-block-size=33554432"
    "memorysetup-bucket-allocator-block-count=8"
    "memorysetup-main-allocator-block-size=16777216"
    "memorysetup-thread-allocator-block-size=16777216"
    "memorysetup-gfx-main-allocator-block-size=16777216"
    "memorysetup-gfx-thread-allocator-block-size=16777216"
    "memorysetup-cache-allocator-block-size=4194304"
    "memorysetup-typetree-allocator-block-size=2097152"
    "memorysetup-profiler-bucket-allocator-granularity=16"
    "memorysetup-profiler-bucket-allocator-bucket-count=8"
    "memorysetup-profiler-bucket-allocator-block-size=33554432"
    "memorysetup-profiler-bucket-allocator-block-count=8"
    "memorysetup-profiler-allocator-block-size=16777216"
    "memorysetup-profiler-editor-allocator-block-size=1048576"
    "memorysetup-temp-allocator-size-main=16777216"
    "memorysetup-job-temp-allocator-block-size=2097152"
    "memorysetup-job-temp-allocator-block-size-background=1048576"
    "memorysetup-job-temp-allocator-reduction-small-platforms=262144"
    "memorysetup-temp-allocator-size-background-worker=32768"
    "memorysetup-temp-allocator-size-job-worker=262144"
    "memorysetup-temp-allocator-size-preload-manager=33554432"
    "memorysetup-temp-allocator-size-nav-mesh-worker=65536"
    "memorysetup-temp-allocator-size-audio-worker=65536"
    "memorysetup-temp-allocator-size-cloud-worker=32768"
    "memorysetup-temp-allocator-size-gi-baking-worker=262144"
    "memorysetup-temp-allocator-size-gfx=262144"
Player connection [2724] Host "[IP] 192.168.0.101 [Port] 0 [Flags] 2 [Guid] 4281213636 [EditorId] 4281213636 [Version] 1048832 [Id] WindowsEditor(7,DESKTOP-8F0045J) [Debug] 1 [PackageName] WindowsEditor [ProjectName] Editor" joined multi-casting on [225.0.0.222:54997]...

Player connection [2724] Host "[IP] 192.168.0.101 [Port] 0 [Flags] 2 [Guid] 4281213636 [EditorId] 4281213636 [Version] 1048832 [Id] WindowsEditor(7,DESKTOP-8F0045J) [Debug] 1 [PackageName] WindowsEditor [ProjectName] Editor" joined alternative multi-casting on [225.0.0.222:34997]...

Refreshing native plugins compatible for Editor in 212.81 ms, found 4 plugins.
Preloading 0 native plugins for Editor in 0.00 ms.
Initialize engine version: 2021.3.26f1 (a16dc32e0ff2)
[Subsystems] Discovering subsystems at path C:/Program Files/Unity/Hub/Editor/2021.3.26f1/Editor/Data/Resources/UnitySubsystems
[Subsystems] Discovering subsystems at path D:/Work/GitPrograms/PocketZoneTest/PocketZone/Assets
GfxDevice: creating device client; threaded=0; jobified=0
Direct3D:
    Version:  Direct3D 11.0 [level 11.1]
    Renderer: NVIDIA GeForce GTX 1050 (ID=0x1c81)
    Vendor:   NVIDIA
    VRAM:     1962 MB
    Driver:   32.0.15.6603
Initialize mono
Mono path[0] = 'C:/Program Files/Unity/Hub/Editor/2021.3.26f1/Editor/Data/Managed'
Mono path[1] = 'C:/Program Files/Unity/Hub/Editor/2021.3.26f1/Editor/Data/MonoBleedingEdge/lib/mono/unityjit-win32'
Mono config path = 'C:/Program Files/Unity/Hub/Editor/2021.3.26f1/Editor/Data/MonoBleedingEdge/etc'
Using monoOptions --debugger-agent=transport=dt_socket,embedding=1,server=y,suspend=n,address=127.0.0.1:56796
Begin MonoManager ReloadAssembly
Registering precompiled unity dll's ...
Register platform support module: C:/Program Files/Unity/Hub/Editor/2021.3.26f1/Editor/Data/PlaybackEngines/WebGLSupport/UnityEditor.WebGL.Extensions.dll
Register platform support module: C:/Program Files/Unity/Hub/Editor/2021.3.26f1/Editor/Data/PlaybackEngines/AndroidPlayer/UnityEditor.Android.Extensions.dll
Register platform support module: C:/Program Files/Unity/Hub/Editor/2021.3.26f1/Editor/Data/PlaybackEngines/WindowsStandaloneSupport/UnityEditor.WindowsStandalone.Extensions.dll
Registered in 0.030487 seconds.
Native extension for WindowsStandalone target not found
Native extension for Android target not found
Android Extension - Scanning For ADB Devices 534 ms
Native extension for WebGL target not found
Refreshing native plugins compatible for Editor in 207.24 ms, found 4 plugins.
Preloading 0 native plugins for Editor in 0.00 ms.
Mono: successfully reloaded assembly
- Completed reload, in  2.145 seconds
Domain Reload Profiling:
	ReloadAssembly (2146ms)
		BeginReloadAssembly (204ms)
			ExecutionOrderSort (0ms)
			DisableScriptedObjects (0ms)
			BackupInstance (0ms)
			ReleaseScriptingObjects (0ms)
			CreateAndSetChildDomain (2ms)
		EndReloadAssembly (1682ms)
			LoadAssemblies (199ms)
			RebuildTransferFunctionScriptingTraits (0ms)
			SetupTypeCache (235ms)
			ReleaseScriptCaches (0ms)
			RebuildScriptCaches (66ms)
			SetupLoadedEditorAssemblies (1259ms)
				LogAssemblyErrors (0ms)
				InitializePlatformSupportModulesInManaged (744ms)
				SetLoadedEditorAssemblies (0ms)
				RefreshPlugins (207ms)
				BeforeProcessingInitializeOnLoad (3ms)
				ProcessInitializeOnLoadAttributes (203ms)
				ProcessInitializeOnLoadMethodAttributes (101ms)
				AfterProcessingInitializeOnLoad (0ms)
				EditorAssembliesLoaded (0ms)
			ExecutionOrderSort2 (0ms)
			AwakeInstancesAfterBackupRestoration (0ms)
Platform modules already initialized, skipping
Registering precompiled user dll's ...
Registered in 0.016806 seconds.
Begin MonoManager ReloadAssembly
Symbol file LoadedFromMemory doesn't match image D:\Work\GitPrograms\PocketZoneTest\PocketZone\Library\PackageCache\com.unity.visualscripting@1.8.0\Editor\VisualScripting.Core\Dependencies\YamlDotNet\Unity.VisualScripting.YamlDotNet.dll
Symbol file LoadedFromMemory doesn't match image D:\Work\GitPrograms\PocketZoneTest\PocketZone\Library\PackageCache\com.unity.visualscripting@1.8.0\Editor\VisualScripting.Core\Dependencies\DotNetZip\Unity.VisualScripting.IonicZip.dll
Native extension for WindowsStandalone target not found
Native extension for Android target not found
Native extension for WebGL target not found
Refreshing native plugins compatible for Editor in 205.73 ms, found 4 plugins.
Preloading 0 native plugins for Editor in 0.00 ms.
Mono: successfully reloaded assembly
- Completed reload, in  2.777 seconds
Domain Reload Profiling:
	ReloadAssembly (2779ms)
		BeginReloadAssembly (274ms)
			ExecutionOrderSort (0ms)
			DisableScriptedObjects (14ms)
			BackupInstance (0ms)
			ReleaseScriptingObjects (0ms)
			CreateAndSetChildDomain (35ms)
		EndReloadAssembly (2250ms)
			LoadAssemblies (235ms)
			RebuildTransferFunctionScriptingTraits (0ms)
			SetupTypeCache (578ms)
			ReleaseScriptCaches (1ms)
			RebuildScriptCaches (139ms)
			SetupLoadedEditorAssemblies (1212ms)
				LogAssemblyErrors (0ms)
				InitializePlatformSupportModulesInManaged (53ms)
				SetLoadedEditorAssemblies (0ms)
				RefreshPlugins (206ms)
				BeforeProcessingInitializeOnLoad (206ms)
				ProcessInitializeOnLoadAttributes (637ms)
				ProcessInitializeOnLoadMethodAttributes (84ms)
				AfterProcessingInitializeOnLoad (25ms)
				EditorAssembliesLoaded (0ms)
			ExecutionOrderSort2 (0ms)
			AwakeInstancesAfterBackupRestoration (16ms)
Platform modules already initialized, skipping
========================================================================
Worker process is ready to serve import requests
Launched and connected shader compiler UnityShaderCompiler.exe after 0.07 seconds
Refreshing native plugins compatible for Editor in 0.63 ms, found 4 plugins.
Preloading 0 native plugins for Editor in 0.00 ms.
Unloading 4424 Unused Serialized files (Serialized files now loaded: 0)
Unloading 41 unused Assets / (284.7 KB). Loaded Objects now: 4893.
Memory consumption went from 173.2 MB to 172.9 MB.
Total: 2.460000 ms (FindLiveObjects: 0.197900 ms CreateObjectMapping: 0.105100 ms MarkObjects: 2.096700 ms  DeleteObjects: 0.059400 ms)

AssetImportParameters requested are different than current active one (requested -> active):
  custom:video-decoder-ogg-theora: a1e56fd34408186e4bbccfd4996cb3dc -> 
  custom:container-muxer-webm: aa71ff27fc2769a1b78a27578f13a17b -> 
  custom:container-demuxer-webm: 4f35f7cbe854078d1ac9338744f61a02 -> 
  custom:video-encoder-webm-vp8: eb34c28f22e8b96e1ab97ce403110664 -> 
  custom:audio-encoder-webm-vorbis: bf7c407c2cedff20999df2af8eb42d56 -> 
  custom:framework-win-MediaFoundation: 216162199b28c13a410421893ffa2e32 -> 
  custom:container-demuxer-ogg: 62fdf1f143b41e24485cea50d1cbac27 -> 
  custom:video-decoder-webm-vp8: 9c59270c3fd7afecdb556c50c9e8de78 -> 
  custom:audio-decoder-ogg-vorbis: bf7c407c2cedff20999df2af8eb42d56 -> 
========================================================================
Received Import Request.
  Time since last request: 8371.549719 seconds.
  path: Assets/Resources/Data/Cameras/CameraData.asset
  artifactKey: Guid(52b2dfc1cd52718408ba11077c961de1) Importer(815301076,1909f56bfc062723c751e8b465ee728b)
Start importing Assets/Resources/Data/Cameras/CameraData.asset using Guid(52b2dfc1cd52718408ba11077c961de1) Importer(815301076,1909f56bfc062723c751e8b465ee728b)  -> (artifact id: '907a973643c3c7e3776f7747f18449f3') in 0.027303 seconds 
========================================================================
Received Prepare
Registering precompiled user dll's ...
Registered in 0.015010 seconds.
Begin MonoManager ReloadAssembly
Symbol file LoadedFromMemory doesn't match image D:\Work\GitPrograms\PocketZoneTest\PocketZone\Library\PackageCache\com.unity.visualscripting@1.8.0\Editor\VisualScripting.Core\Dependencies\YamlDotNet\Unity.VisualScripting.YamlDotNet.dll
Symbol file LoadedFromMemory doesn't match image D:\Work\GitPrograms\PocketZoneTest\PocketZone\Library\PackageCache\com.unity.visualscripting@1.8.0\Editor\VisualScripting.Core\Dependencies\DotNetZip\Unity.VisualScripting.IonicZip.dll
Native extension for WindowsStandalone target not found
Native extension for Android target not found
Native extension for WebGL target not found
Refreshing native plugins compatible for Editor in 1.23 ms, found 4 plugins.
Preloading 0 native plugins for Editor in 0.00 ms.
Mono: successfully reloaded assembly
- Completed reload, in  2.252 seconds
Domain Reload Profiling:
	ReloadAssembly (2254ms)
		BeginReloadAssembly (280ms)
			ExecutionOrderSort (0ms)
			DisableScriptedObjects (16ms)
			BackupInstance (0ms)
			ReleaseScriptingObjects (0ms)
			CreateAndSetChildDomain (57ms)
		EndReloadAssembly (1759ms)
			LoadAssemblies (224ms)
			RebuildTransferFunctionScriptingTraits (1ms)
			SetupTypeCache (507ms)
			ReleaseScriptCaches (2ms)
			RebuildScriptCaches (93ms)
			SetupLoadedEditorAssemblies (817ms)
				LogAssemblyErrors (0ms)
				InitializePlatformSupportModulesInManaged (55ms)
				SetLoadedEditorAssemblies (1ms)
				RefreshPlugins (1ms)
				BeforeProcessingInitializeOnLoad (149ms)
				ProcessInitializeOnLoadAttributes (515ms)
				ProcessInitializeOnLoadMethodAttributes (71ms)
				AfterProcessingInitializeOnLoad (25ms)
				EditorAssembliesLoaded (0ms)
			ExecutionOrderSort2 (0ms)
			AwakeInstancesAfterBackupRestoration (19ms)
Platform modules already initialized, skipping
Refreshing native plugins compatible for Editor in 4.58 ms, found 4 plugins.
Preloading 0 native plugins for Editor in 0.00 ms.
Unloading 4395 Unused Serialized files (Serialized files now loaded: 0)
Unloading 26 unused Assets / (24.8 KB). Loaded Objects now: 4897.
Memory consumption went from 169.8 MB to 169.7 MB.
Total: 5.763900 ms (FindLiveObjects: 0.498100 ms CreateObjectMapping: 0.228400 ms MarkObjects: 4.988600 ms  DeleteObjects: 0.047100 ms)

AssetImportParameters requested are different than current active one (requested -> active):
  custom:video-decoder-ogg-theora: a1e56fd34408186e4bbccfd4996cb3dc -> 
  custom:container-muxer-webm: aa71ff27fc2769a1b78a27578f13a17b -> 
  custom:container-demuxer-webm: 4f35f7cbe854078d1ac9338744f61a02 -> 
  custom:video-encoder-webm-vp8: eb34c28f22e8b96e1ab97ce403110664 -> 
  custom:audio-encoder-webm-vorbis: bf7c407c2cedff20999df2af8eb42d56 -> 
  custom:framework-win-MediaFoundation: 216162199b28c13a410421893ffa2e32 -> 
  custom:container-demuxer-ogg: 62fdf1f143b41e24485cea50d1cbac27 -> 
  custom:video-decoder-webm-vp8: 9c59270c3fd7afecdb556c50c9e8de78 -> 
  custom:audio-decoder-ogg-vorbis: bf7c407c2cedff20999df2af8eb42d56 -> 
========================================================================
Received Prepare
Registering precompiled user dll's ...
Registered in 0.015466 seconds.
Begin MonoManager ReloadAssembly
Symbol file LoadedFromMemory doesn't match image D:\Work\GitPrograms\PocketZoneTest\PocketZone\Library\PackageCache\com.unity.visualscripting@1.8.0\Editor\VisualScripting.Core\Dependencies\YamlDotNet\Unity.VisualScripting.YamlDotNet.dll
Symbol file LoadedFromMemory doesn't match image D:\Work\GitPrograms\PocketZoneTest\PocketZone\Library\PackageCache\com.unity.visualscripting@1.8.0\Editor\VisualScripting.Core\Dependencies\DotNetZip\Unity.VisualScripting.IonicZip.dll
Native extension for WindowsStandalone target not found
Native extension for Android target not found
Native extension for WebGL target not found
Refreshing native plugins compatible for Editor in 1.13 ms, found 4 plugins.
Preloading 0 native plugins for Editor in 0.00 ms.
Mono: successfully reloaded assembly
- Completed reload, in  2.514 seconds
Domain Reload Profiling:
	ReloadAssembly (2515ms)
		BeginReloadAssembly (306ms)
			ExecutionOrderSort (0ms)
			DisableScriptedObjects (15ms)
			BackupInstance (0ms)
			ReleaseScriptingObjects (0ms)
			CreateAndSetChildDomain (61ms)
		EndReloadAssembly (1992ms)
			LoadAssemblies (247ms)
			RebuildTransferFunctionScriptingTraits (0ms)
			SetupTypeCache (784ms)
			ReleaseScriptCaches (2ms)
			RebuildScriptCaches (98ms)
			SetupLoadedEditorAssemblies (802ms)
				LogAssemblyErrors (0ms)
				InitializePlatformSupportModulesInManaged (54ms)
				SetLoadedEditorAssemblies (1ms)
				RefreshPlugins (1ms)
				BeforeProcessingInitializeOnLoad (153ms)
				ProcessInitializeOnLoadAttributes (499ms)
				ProcessInitializeOnLoadMethodAttributes (70ms)
				AfterProcessingInitializeOnLoad (24ms)
				EditorAssembliesLoaded (0ms)
			ExecutionOrderSort2 (0ms)
			AwakeInstancesAfterBackupRestoration (17ms)
Platform modules already initialized, skipping
Refreshing native plugins compatible for Editor in 4.55 ms, found 4 plugins.
Preloading 0 native plugins for Editor in 0.00 ms.
Unloading 4395 Unused Serialized files (Serialized files now loaded: 0)
Unloading 26 unused Assets / (24.9 KB). Loaded Objects now: 4900.
Memory consumption went from 169.8 MB to 169.7 MB.
Total: 5.731000 ms (FindLiveObjects: 0.505800 ms CreateObjectMapping: 0.235400 ms MarkObjects: 4.942100 ms  DeleteObjects: 0.046000 ms)

AssetImportParameters requested are different than current active one (requested -> active):
  custom:video-decoder-ogg-theora: a1e56fd34408186e4bbccfd4996cb3dc -> 
  custom:container-muxer-webm: aa71ff27fc2769a1b78a27578f13a17b -> 
  custom:container-demuxer-webm: 4f35f7cbe854078d1ac9338744f61a02 -> 
  custom:video-encoder-webm-vp8: eb34c28f22e8b96e1ab97ce403110664 -> 
  custom:audio-encoder-webm-vorbis: bf7c407c2cedff20999df2af8eb42d56 -> 
  custom:framework-win-MediaFoundation: 216162199b28c13a410421893ffa2e32 -> 
  custom:container-demuxer-ogg: 62fdf1f143b41e24485cea50d1cbac27 -> 
  custom:video-decoder-webm-vp8: 9c59270c3fd7afecdb556c50c9e8de78 -> 
  custom:audio-decoder-ogg-vorbis: bf7c407c2cedff20999df2af8eb42d56 -> 
========================================================================
Received Prepare
Registering precompiled user dll's ...
Registered in 0.014381 seconds.
Begin MonoManager ReloadAssembly
Symbol file LoadedFromMemory doesn't match image D:\Work\GitPrograms\PocketZoneTest\PocketZone\Library\PackageCache\com.unity.visualscripting@1.8.0\Editor\VisualScripting.Core\Dependencies\YamlDotNet\Unity.VisualScripting.YamlDotNet.dll
Symbol file LoadedFromMemory doesn't match image D:\Work\GitPrograms\PocketZoneTest\PocketZone\Library\PackageCache\com.unity.visualscripting@1.8.0\Editor\VisualScripting.Core\Dependencies\DotNetZip\Unity.VisualScripting.IonicZip.dll
Native extension for WindowsStandalone target not found
Native extension for Android target not found
Native extension for WebGL target not found
Refreshing native plugins compatible for Editor in 1.31 ms, found 4 plugins.
Preloading 0 native plugins for Editor in 0.00 ms.
Mono: successfully reloaded assembly
- Completed reload, in  2.535 seconds
Domain Reload Profiling:
	ReloadAssembly (2537ms)
		BeginReloadAssembly (281ms)
			ExecutionOrderSort (0ms)
			DisableScriptedObjects (16ms)
			BackupInstance (0ms)
			ReleaseScriptingObjects (0ms)
			CreateAndSetChildDomain (57ms)
		EndReloadAssembly (2035ms)
			LoadAssemblies (223ms)
			RebuildTransferFunctionScriptingTraits (0ms)
			SetupTypeCache (505ms)
			ReleaseScriptCaches (2ms)
			RebuildScriptCaches (96ms)
			SetupLoadedEditorAssemblies (1118ms)
				LogAssemblyErrors (0ms)
				InitializePlatformSupportModulesInManaged (55ms)
				SetLoadedEditorAssemblies (1ms)
				RefreshPlugins (1ms)
				BeforeProcessingInitializeOnLoad (152ms)
				ProcessInitializeOnLoadAttributes (812ms)
				ProcessInitializeOnLoadMethodAttributes (73ms)
				AfterProcessingInitializeOnLoad (24ms)
				EditorAssembliesLoaded (0ms)
			ExecutionOrderSort2 (0ms)
			AwakeInstancesAfterBackupRestoration (17ms)
Platform modules already initialized, skipping
Refreshing native plugins compatible for Editor in 6.04 ms, found 4 plugins.
Preloading 0 native plugins for Editor in 0.00 ms.
Unloading 4395 Unused Serialized files (Serialized files now loaded: 0)
Unloading 26 unused Assets / (25.8 KB). Loaded Objects now: 4903.
Memory consumption went from 169.8 MB to 169.7 MB.
Total: 6.528400 ms (FindLiveObjects: 0.577600 ms CreateObjectMapping: 0.293700 ms MarkObjects: 5.607300 ms  DeleteObjects: 0.048000 ms)

AssetImportParameters requested are different than current active one (requested -> active):
  custom:video-decoder-ogg-theora: a1e56fd34408186e4bbccfd4996cb3dc -> 
  custom:container-muxer-webm: aa71ff27fc2769a1b78a27578f13a17b -> 
  custom:container-demuxer-webm: 4f35f7cbe854078d1ac9338744f61a02 -> 
  custom:video-encoder-webm-vp8: eb34c28f22e8b96e1ab97ce403110664 -> 
  custom:audio-encoder-webm-vorbis: bf7c407c2cedff20999df2af8eb42d56 -> 
  custom:framework-win-MediaFoundation: 216162199b28c13a410421893ffa2e32 -> 
  custom:container-demuxer-ogg: 62fdf1f143b41e24485cea50d1cbac27 -> 
  custom:video-decoder-webm-vp8: 9c59270c3fd7afecdb556c50c9e8de78 -> 
  custom:audio-decoder-ogg-vorbis: bf7c407c2cedff20999df2af8eb42d56 -> 
========================================================================
Received Import Request.
  Time since last request: 263.274106 seconds.
  path: Assets/Resources/Data/Levels/FirstLevel.asset
  artifactKey: Guid(2634e2c007bead145af126506f486b8b) Importer(815301076,1909f56bfc062723c751e8b465ee728b)
Start importing Assets/Resources/Data/Levels/FirstLevel.asset using Guid(2634e2c007bead145af126506f486b8b) Importer(815301076,1909f56bfc062723c751e8b465ee728b)  -> (artifact id: '1cde49013bdf83ebc511967c8ef951e9') in 0.051245 seconds 
========================================================================
Received Import Request.
  Time since last request: 202.476904 seconds.
  path: Assets/Resources/Prefabs/FirstLevel.prefab
  artifactKey: Guid(0035741c831be894b890060af1c4177b) Importer(815301076,1909f56bfc062723c751e8b465ee728b)
Start importing Assets/Resources/Prefabs/FirstLevel.prefab using Guid(0035741c831be894b890060af1c4177b) Importer(815301076,1909f56bfc062723c751e8b465ee728b)  -> (artifact id: '7dc377de296d2f7009db8fe9b2b06632') in 0.195833 seconds 
========================================================================
Received Prepare
Registering precompiled user dll's ...
Registered in 0.015534 seconds.
Begin MonoManager ReloadAssembly
Symbol file LoadedFromMemory doesn't match image D:\Work\GitPrograms\PocketZoneTest\PocketZone\Library\PackageCache\com.unity.visualscripting@1.8.0\Editor\VisualScripting.Core\Dependencies\YamlDotNet\Unity.VisualScripting.YamlDotNet.dll
Symbol file LoadedFromMemory doesn't match image D:\Work\GitPrograms\PocketZoneTest\PocketZone\Library\PackageCache\com.unity.visualscripting@1.8.0\Editor\VisualScripting.Core\Dependencies\DotNetZip\Unity.VisualScripting.IonicZip.dll
Native extension for WindowsStandalone target not found
Native extension for Android target not found
Native extension for WebGL target not found
Refreshing native plugins compatible for Editor in 1.29 ms, found 4 plugins.
Preloading 0 native plugins for Editor in 0.00 ms.
Mono: successfully reloaded assembly
- Completed reload, in  2.412 seconds
Domain Reload Profiling:
	ReloadAssembly (2413ms)
		BeginReloadAssembly (307ms)
			ExecutionOrderSort (0ms)
			DisableScriptedObjects (16ms)
			BackupInstance (0ms)
			ReleaseScriptingObjects (0ms)
			CreateAndSetChildDomain (59ms)
		EndReloadAssembly (1865ms)
			LoadAssemblies (254ms)
			RebuildTransferFunctionScriptingTraits (0ms)
			SetupTypeCache (536ms)
			ReleaseScriptCaches (2ms)
			RebuildScriptCaches (115ms)
			SetupLoadedEditorAssemblies (863ms)
				LogAssemblyErrors (0ms)
				InitializePlatformSupportModulesInManaged (55ms)
				SetLoadedEditorAssemblies (1ms)
				RefreshPlugins (1ms)
				BeforeProcessingInitializeOnLoad (158ms)
				ProcessInitializeOnLoadAttributes (548ms)
				ProcessInitializeOnLoadMethodAttributes (74ms)
				AfterProcessingInitializeOnLoad (24ms)
				EditorAssembliesLoaded (0ms)
			ExecutionOrderSort2 (0ms)
			AwakeInstancesAfterBackupRestoration (20ms)
Platform modules already initialized, skipping
Refreshing native plugins compatible for Editor in 5.24 ms, found 4 plugins.
Preloading 0 native plugins for Editor in 0.00 ms.
Unloading 4398 Unused Serialized files (Serialized files now loaded: 0)
Unloading 26 unused Assets / (24.9 KB). Loaded Objects now: 4916.
Memory consumption went from 170.0 MB to 170.0 MB.
Total: 5.636300 ms (FindLiveObjects: 0.503200 ms CreateObjectMapping: 0.210500 ms MarkObjects: 4.867500 ms  DeleteObjects: 0.053800 ms)

AssetImportParameters requested are different than current active one (requested -> active):
  custom:video-decoder-ogg-theora: a1e56fd34408186e4bbccfd4996cb3dc -> 
  custom:container-muxer-webm: aa71ff27fc2769a1b78a27578f13a17b -> 
  custom:container-demuxer-webm: 4f35f7cbe854078d1ac9338744f61a02 -> 
  custom:video-encoder-webm-vp8: eb34c28f22e8b96e1ab97ce403110664 -> 
  custom:audio-encoder-webm-vorbis: bf7c407c2cedff20999df2af8eb42d56 -> 
  custom:framework-win-MediaFoundation: 216162199b28c13a410421893ffa2e32 -> 
  custom:container-demuxer-ogg: 62fdf1f143b41e24485cea50d1cbac27 -> 
  custom:video-decoder-webm-vp8: 9c59270c3fd7afecdb556c50c9e8de78 -> 
  custom:audio-decoder-ogg-vorbis: bf7c407c2cedff20999df2af8eb42d56 -> 
========================================================================
Received Prepare
Registering precompiled user dll's ...
Registered in 0.015240 seconds.
Begin MonoManager ReloadAssembly
Symbol file LoadedFromMemory doesn't match image D:\Work\GitPrograms\PocketZoneTest\PocketZone\Library\PackageCache\com.unity.visualscripting@1.8.0\Editor\VisualScripting.Core\Dependencies\YamlDotNet\Unity.VisualScripting.YamlDotNet.dll
Symbol file LoadedFromMemory doesn't match image D:\Work\GitPrograms\PocketZoneTest\PocketZone\Library\PackageCache\com.unity.visualscripting@1.8.0\Editor\VisualScripting.Core\Dependencies\DotNetZip\Unity.VisualScripting.IonicZip.dll
Native extension for WindowsStandalone target not found
Native extension for Android target not found
Native extension for WebGL target not found
Refreshing native plugins compatible for Editor in 1.24 ms, found 4 plugins.
Preloading 0 native plugins for Editor in 0.00 ms.
Mono: successfully reloaded assembly
- Completed reload, in  2.293 seconds
Domain Reload Profiling:
	ReloadAssembly (2295ms)
		BeginReloadAssembly (284ms)
			ExecutionOrderSort (0ms)
			DisableScriptedObjects (16ms)
			BackupInstance (0ms)
			ReleaseScriptingObjects (0ms)
			CreateAndSetChildDomain (56ms)
		EndReloadAssembly (1785ms)
			LoadAssemblies (227ms)
			RebuildTransferFunctionScriptingTraits (0ms)
			SetupTypeCache (543ms)
			ReleaseScriptCaches (2ms)
			RebuildScriptCaches (92ms)
			SetupLoadedEditorAssemblies (831ms)
				LogAssemblyErrors (0ms)
				InitializePlatformSupportModulesInManaged (57ms)
				SetLoadedEditorAssemblies (1ms)
				RefreshPlugins (1ms)
				BeforeProcessingInitializeOnLoad (153ms)
				ProcessInitializeOnLoadAttributes (517ms)
				ProcessInitializeOnLoadMethodAttributes (74ms)
				AfterProcessingInitializeOnLoad (27ms)
				EditorAssembliesLoaded (0ms)
			ExecutionOrderSort2 (0ms)
			AwakeInstancesAfterBackupRestoration (19ms)
Platform modules already initialized, skipping
Refreshing native plugins compatible for Editor in 4.61 ms, found 4 plugins.
Preloading 0 native plugins for Editor in 0.00 ms.
Unloading 4398 Unused Serialized files (Serialized files now loaded: 0)
Unloading 26 unused Assets / (24.9 KB). Loaded Objects now: 4919.
Memory consumption went from 170.0 MB to 170.0 MB.
Total: 5.748700 ms (FindLiveObjects: 0.486800 ms CreateObjectMapping: 0.210300 ms MarkObjects: 5.009800 ms  DeleteObjects: 0.040200 ms)

AssetImportParameters requested are different than current active one (requested -> active):
  custom:video-decoder-ogg-theora: a1e56fd34408186e4bbccfd4996cb3dc -> 
  custom:container-muxer-webm: aa71ff27fc2769a1b78a27578f13a17b -> 
  custom:container-demuxer-webm: 4f35f7cbe854078d1ac9338744f61a02 -> 
  custom:video-encoder-webm-vp8: eb34c28f22e8b96e1ab97ce403110664 -> 
  custom:audio-encoder-webm-vorbis: bf7c407c2cedff20999df2af8eb42d56 -> 
  custom:framework-win-MediaFoundation: 216162199b28c13a410421893ffa2e32 -> 
  custom:container-demuxer-ogg: 62fdf1f143b41e24485cea50d1cbac27 -> 
  custom:video-decoder-webm-vp8: 9c59270c3fd7afecdb556c50c9e8de78 -> 
  custom:audio-decoder-ogg-vorbis: bf7c407c2cedff20999df2af8eb42d56 -> 
========================================================================
Received Prepare
Registering precompiled user dll's ...
Registered in 0.015389 seconds.
Begin MonoManager ReloadAssembly
Symbol file LoadedFromMemory doesn't match image D:\Work\GitPrograms\PocketZoneTest\PocketZone\Library\PackageCache\com.unity.visualscripting@1.8.0\Editor\VisualScripting.Core\Dependencies\YamlDotNet\Unity.VisualScripting.YamlDotNet.dll
Symbol file LoadedFromMemory doesn't match image D:\Work\GitPrograms\PocketZoneTest\PocketZone\Library\PackageCache\com.unity.visualscripting@1.8.0\Editor\VisualScripting.Core\Dependencies\DotNetZip\Unity.VisualScripting.IonicZip.dll
Native extension for WindowsStandalone target not found
Native extension for Android target not found
Native extension for WebGL target not found
Refreshing native plugins compatible for Editor in 1.38 ms, found 4 plugins.
Preloading 0 native plugins for Editor in 0.00 ms.
Mono: successfully reloaded assembly
- Completed reload, in  2.302 seconds
Domain Reload Profiling:
	ReloadAssembly (2303ms)
		BeginReloadAssembly (280ms)
			ExecutionOrderSort (0ms)
			DisableScriptedObjects (15ms)
			BackupInstance (0ms)
			ReleaseScriptingObjects (0ms)
			CreateAndSetChildDomain (57ms)
		EndReloadAssembly (1801ms)
			LoadAssemblies (231ms)
			RebuildTransferFunctionScriptingTraits (0ms)
			SetupTypeCache (520ms)
			ReleaseScriptCaches (2ms)
			RebuildScriptCaches (96ms)
			SetupLoadedEditorAssemblies (858ms)
				LogAssemblyErrors (0ms)
				InitializePlatformSupportModulesInManaged (92ms)
				SetLoadedEditorAssemblies (1ms)
				RefreshPlugins (2ms)
				BeforeProcessingInitializeOnLoad (148ms)
				ProcessInitializeOnLoadAttributes (514ms)
				ProcessInitializeOnLoadMethodAttributes (76ms)
				AfterProcessingInitializeOnLoad (25ms)
				EditorAssembliesLoaded (0ms)
			ExecutionOrderSort2 (0ms)
			AwakeInstancesAfterBackupRestoration (19ms)
Platform modules already initialized, skipping
Refreshing native plugins compatible for Editor in 4.64 ms, found 4 plugins.
Preloading 0 native plugins for Editor in 0.00 ms.
Unloading 4398 Unused Serialized files (Serialized files now loaded: 0)
Unloading 26 unused Assets / (24.9 KB). Loaded Objects now: 4922.
Memory consumption went from 170.0 MB to 170.0 MB.
Total: 5.454400 ms (FindLiveObjects: 0.482900 ms CreateObjectMapping: 0.234100 ms MarkObjects: 4.698100 ms  DeleteObjects: 0.038100 ms)

AssetImportParameters requested are different than current active one (requested -> active):
  custom:video-decoder-ogg-theora: a1e56fd34408186e4bbccfd4996cb3dc -> 
  custom:container-muxer-webm: aa71ff27fc2769a1b78a27578f13a17b -> 
  custom:container-demuxer-webm: 4f35f7cbe854078d1ac9338744f61a02 -> 
  custom:video-encoder-webm-vp8: eb34c28f22e8b96e1ab97ce403110664 -> 
  custom:audio-encoder-webm-vorbis: bf7c407c2cedff20999df2af8eb42d56 -> 
  custom:framework-win-MediaFoundation: 216162199b28c13a410421893ffa2e32 -> 
  custom:container-demuxer-ogg: 62fdf1f143b41e24485cea50d1cbac27 -> 
  custom:video-decoder-webm-vp8: 9c59270c3fd7afecdb556c50c9e8de78 -> 
  custom:audio-decoder-ogg-vorbis: bf7c407c2cedff20999df2af8eb42d56 -> 
========================================================================
Received Import Request.
  Time since last request: 3042.710451 seconds.
  path: ProjectSettings/TagManager.asset
  artifactKey: Guid(00000000000000003000000000000000) Importer(815301076,1909f56bfc062723c751e8b465ee728b)
Start importing ProjectSettings/TagManager.asset using Guid(00000000000000003000000000000000) Importer(815301076,1909f56bfc062723c751e8b465ee728b)  -> (artifact id: 'af7836b7eb6192eeac8345328dd4560a') in 0.040380 seconds 
========================================================================
Received Import Request.
  Time since last request: 116.673882 seconds.
  path: Assets/Resources/Prefabs/FirstLevel.prefab
  artifactKey: Guid(0035741c831be894b890060af1c4177b) Importer(815301076,1909f56bfc062723c751e8b465ee728b)
Start importing Assets/Resources/Prefabs/FirstLevel.prefab using Guid(0035741c831be894b890060af1c4177b) Importer(815301076,1909f56bfc062723c751e8b465ee728b)  -> (artifact id: '5cb197205813a280fd3fd5225ec9564a') in 0.150135 seconds 
========================================================================
Received Import Request.
  Time since last request: 2.491263 seconds.
  path: Assets/Resources/Prefabs/UI/Screens
  artifactKey: Guid(358c05dc6eddad04c8852ea91d498f70) Importer(815301076,1909f56bfc062723c751e8b465ee728b)
Start importing Assets/Resources/Prefabs/UI/Screens using Guid(358c05dc6eddad04c8852ea91d498f70) Importer(815301076,1909f56bfc062723c751e8b465ee728b)  -> (artifact id: 'bdddc87c074e918ee62b4bdd8bbf8be4') in 0.004007 seconds 
========================================================================
Received Import Request.
  Time since last request: 4.768241 seconds.
  path: Assets/PocketZoneRes/items/Screenshot_593.png
  artifactKey: Guid(6f6870a64cfbb7d43ac5374d6e3c5fe1) Importer(815301076,1909f56bfc062723c751e8b465ee728b)
Start importing Assets/PocketZoneRes/items/Screenshot_593.png using Guid(6f6870a64cfbb7d43ac5374d6e3c5fe1) Importer(815301076,1909f56bfc062723c751e8b465ee728b)  -> (artifact id: '60fda2fc7d3a5a97248d133f9ad9797e') in 0.235630 seconds 
========================================================================
Received Import Request.
  Time since last request: 0.777260 seconds.
  path: Assets/PocketZoneRes/items/шмотки/BanditPants.png
  artifactKey: Guid(25c2a3f0b6bbd5e438f53bf9aa8b4c74) Importer(815301076,1909f56bfc062723c751e8b465ee728b)
Start importing Assets/PocketZoneRes/items/шмотки/BanditPants.png using Guid(25c2a3f0b6bbd5e438f53bf9aa8b4c74) Importer(815301076,1909f56bfc062723c751e8b465ee728b)  -> (artifact id: '0a19aa8488f341a0d8c69b26c60e72b4') in 0.047401 seconds 
========================================================================
Received Import Request.
  Time since last request: 0.003139 seconds.
  path: Assets/PocketZoneRes/items/шмотки/MilitaryHelmet.png
  artifactKey: Guid(1aa8d4e1c6a8e934595f9ab61f2bf8aa) Importer(815301076,1909f56bfc062723c751e8b465ee728b)
Start importing Assets/PocketZoneRes/items/шмотки/MilitaryHelmet.png using Guid(1aa8d4e1c6a8e934595f9ab61f2bf8aa) Importer(815301076,1909f56bfc062723c751e8b465ee728b)  -> (artifact id: '55b61b237c6671830da83971b2b1f9c8') in 0.017023 seconds 
========================================================================
Received Import Request.
  Time since last request: 0.000031 seconds.
  path: Assets/PocketZoneRes/items/шмотки/SovietBag.png
  artifactKey: Guid(93bce68c22ba2ed4592b0338ae2ac8fd) Importer(815301076,1909f56bfc062723c751e8b465ee728b)
Start importing Assets/PocketZoneRes/items/шмотки/SovietBag.png using Guid(93bce68c22ba2ed4592b0338ae2ac8fd) Importer(815301076,1909f56bfc062723c751e8b465ee728b)  -> (artifact id: '27d8c69a8364e434d8c3d1ddc8aba0fd') in 0.050991 seconds 
========================================================================
Received Import Request.
  Time since last request: 0.000027 seconds.
  path: Assets/PocketZoneRes/items/шмотки/BulletproofCloakElbow.png
  artifactKey: Guid(3e85cdf74e325fa40a2c9e688dc51325) Importer(815301076,1909f56bfc062723c751e8b465ee728b)
Start importing Assets/PocketZoneRes/items/шмотки/BulletproofCloakElbow.png using Guid(3e85cdf74e325fa40a2c9e688dc51325) Importer(815301076,1909f56bfc062723c751e8b465ee728b)  -> (artifact id: 'c98c5265e6b2be28363abca3abaf956f') in 0.037762 seconds 
========================================================================
Received Import Request.
  Time since last request: 0.000031 seconds.
  path: Assets/PocketZoneRes/items/шмотки/BulletproofCloakWrist.png
  artifactKey: Guid(0e06a0418c1fb7a4abedb03ea9c66359) Importer(815301076,1909f56bfc062723c751e8b465ee728b)
Start importing Assets/PocketZoneRes/items/шмотки/BulletproofCloakWrist.png using Guid(0e06a0418c1fb7a4abedb03ea9c66359) Importer(815301076,1909f56bfc062723c751e8b465ee728b)  -> (artifact id: '039d9a409fdc00c28457c5dc8d7d93e3') in 0.042419 seconds 
========================================================================
Received Import Request.
  Time since last request: 1.394187 seconds.
  path: Assets/PocketZoneRes/items/оружие/5.45x39.png
  artifactKey: Guid(d45f0cae013abb84688afe6e4bc52845) Importer(815301076,1909f56bfc062723c751e8b465ee728b)
Start importing Assets/PocketZoneRes/items/оружие/5.45x39.png using Guid(d45f0cae013abb84688afe6e4bc52845) Importer(815301076,1909f56bfc062723c751e8b465ee728b)  -> (artifact id: 'd9468b1eda37b00f0795a709ca531dee') in 0.018583 seconds 
========================================================================
Received Import Request.
  Time since last request: 0.000034 seconds.
  path: Assets/PocketZoneRes/items/оружие/Makarov.png
  artifactKey: Guid(1b4696d341b6ec443b4e499361de0675) Importer(815301076,1909f56bfc062723c751e8b465ee728b)
Start importing Assets/PocketZoneRes/items/оружие/Makarov.png using Guid(1b4696d341b6ec443b4e499361de0675) Importer(815301076,1909f56bfc062723c751e8b465ee728b)  -> (artifact id: '7efa4ff4b17d4f86c6d4eb181563d6d3') in 0.018860 seconds 
========================================================================
Received Import Request.
  Time since last request: 2.675518 seconds.
  path: Assets/PocketZoneRes/player/Голова 0.png
  artifactKey: Guid(73d730a5835fa8b4c8254c436d5a947c) Importer(815301076,1909f56bfc062723c751e8b465ee728b)
Start importing Assets/PocketZoneRes/player/Голова 0.png using Guid(73d730a5835fa8b4c8254c436d5a947c) Importer(815301076,1909f56bfc062723c751e8b465ee728b)  -> (artifact id: '5df81a83b1516dbf2b5aa9e22f8a4615') in 0.024455 seconds 
========================================================================
Received Import Request.
  Time since last request: 0.000032 seconds.
  path: Assets/PocketZoneRes/player/Туловище 7.png
  artifactKey: Guid(d35a1fc72dc17624db51985e3c9dd519) Importer(815301076,1909f56bfc062723c751e8b465ee728b)
Start importing Assets/PocketZoneRes/player/Туловище 7.png using Guid(d35a1fc72dc17624db51985e3c9dd519) Importer(815301076,1909f56bfc062723c751e8b465ee728b)  -> (artifact id: '7e75b87911753852aa05e62165f90daa') in 0.026495 seconds 
========================================================================
Received Import Request.
  Time since last request: 0.000034 seconds.
  path: Assets/PocketZoneRes/player/РукаЛокоть 4.png
  artifactKey: Guid(6b3badf858946274491be1edb1bab6e0) Importer(815301076,1909f56bfc062723c751e8b465ee728b)
Start importing Assets/PocketZoneRes/player/РукаЛокоть 4.png using Guid(6b3badf858946274491be1edb1bab6e0) Importer(815301076,1909f56bfc062723c751e8b465ee728b)  -> (artifact id: '185191b9ed8e2a20d623e719173a7cd1') in 0.018738 seconds 
========================================================================
Received Import Request.
  Time since last request: 0.000074 seconds.
  path: Assets/PocketZoneRes/player/Голова 3.png
  artifactKey: Guid(d0ff1c25705064044b8326076fdaed4a) Importer(815301076,1909f56bfc062723c751e8b465ee728b)
Start importing Assets/PocketZoneRes/player/Голова 3.png using Guid(d0ff1c25705064044b8326076fdaed4a) Importer(815301076,1909f56bfc062723c751e8b465ee728b)  -> (artifact id: '9f7db315b927974d9c05da312afce41c') in 0.045534 seconds 
========================================================================
Received Import Request.
  Time since last request: 0.000206 seconds.
  path: Assets/PocketZoneRes/player/Нога 2.png
  artifactKey: Guid(59e3b6c543eb15045a53b9c0c8e2cf1d) Importer(815301076,1909f56bfc062723c751e8b465ee728b)
Start importing Assets/PocketZoneRes/player/Нога 2.png using Guid(59e3b6c543eb15045a53b9c0c8e2cf1d) Importer(815301076,1909f56bfc062723c751e8b465ee728b)  -> (artifact id: 'b3027cb58c7fc96e56827c001814e75d') in 0.017491 seconds 
========================================================================
Received Import Request.
  Time since last request: 0.000036 seconds.
  path: Assets/PocketZoneRes/player/Голова 6.png
  artifactKey: Guid(d23bae0a14449f64583e31a8c9f388b7) Importer(815301076,1909f56bfc062723c751e8b465ee728b)
Start importing Assets/PocketZoneRes/player/Голова 6.png using Guid(d23bae0a14449f64583e31a8c9f388b7) Importer(815301076,1909f56bfc062723c751e8b465ee728b)  -> (artifact id: 'e566687a4701dc46a4dfe420e7900f07') in 0.015588 seconds 
========================================================================
Received Import Request.
  Time since last request: 0.000030 seconds.
  path: Assets/PocketZoneRes/player/Туловище 3.png
  artifactKey: Guid(4cef83b301511e047a3c742898d0ad01) Importer(815301076,1909f56bfc062723c751e8b465ee728b)
Start importing Assets/PocketZoneRes/player/Туловище 3.png using Guid(4cef83b301511e047a3c742898d0ad01) Importer(815301076,1909f56bfc062723c751e8b465ee728b)  -> (artifact id: '2b3bcf4108496573472dbcc4d581f7d8') in 0.021843 seconds 
========================================================================
Received Import Request.
  Time since last request: 0.000030 seconds.
  path: Assets/PocketZoneRes/player/Нога 4.png
  artifactKey: Guid(06393f55281ef1b46b0e482898be755d) Importer(815301076,1909f56bfc062723c751e8b465ee728b)
Start importing Assets/PocketZoneRes/player/Нога 4.png using Guid(06393f55281ef1b46b0e482898be755d) Importer(815301076,1909f56bfc062723c751e8b465ee728b)  -> (artifact id: 'eeca8b59b90296866de798d34b63c9f9') in 0.014316 seconds 
========================================================================
Received Import Request.
  Time since last request: 0.000029 seconds.
  path: Assets/PocketZoneRes/player/Нога 6.png
  artifactKey: Guid(a161155aa99289c41ac4e61aa6122189) Importer(815301076,1909f56bfc062723c751e8b465ee728b)
Start importing Assets/PocketZoneRes/player/Нога 6.png using Guid(a161155aa99289c41ac4e61aa6122189) Importer(815301076,1909f56bfc062723c751e8b465ee728b)  -> (artifact id: '5f7f26694be5b31e90ad4d16795e5b03') in 0.013701 seconds 
========================================================================
Received Import Request.
  Time since last request: 0.000030 seconds.
  path: Assets/PocketZoneRes/player/Нога 7.png
  artifactKey: Guid(a150c42e40088ad48a396b8e3d0a9df0) Importer(815301076,1909f56bfc062723c751e8b465ee728b)
Start importing Assets/PocketZoneRes/player/Нога 7.png using Guid(a150c42e40088ad48a396b8e3d0a9df0) Importer(815301076,1909f56bfc062723c751e8b465ee728b)  -> (artifact id: 'a034505791f0d4f7c8d4ebe4decab8b9') in 0.014464 seconds 
========================================================================
Received Import Request.
  Time since last request: 0.000031 seconds.
  path: Assets/PocketZoneRes/player/РукаЛокоть 0.png
  artifactKey: Guid(442fe9fca83525949b065b4f11cb28a6) Importer(815301076,1909f56bfc062723c751e8b465ee728b)
Start importing Assets/PocketZoneRes/player/РукаЛокоть 0.png using Guid(442fe9fca83525949b065b4f11cb28a6) Importer(815301076,1909f56bfc062723c751e8b465ee728b)  -> (artifact id: 'b9d870e49d7c89f31c28e7f8269655e5') in 0.013429 seconds 
========================================================================
Received Import Request.
  Time since last request: 0.000028 seconds.
  path: Assets/PocketZoneRes/player/РукаЛокоть 1.png
  artifactKey: Guid(3ed7b6c11b302ca40b9f6eb3efb1b10a) Importer(815301076,1909f56bfc062723c751e8b465ee728b)
Start importing Assets/PocketZoneRes/player/РукаЛокоть 1.png using Guid(3ed7b6c11b302ca40b9f6eb3efb1b10a) Importer(815301076,1909f56bfc062723c751e8b465ee728b)  -> (artifact id: 'aa91ea5e1ab380f44b978340ed5cded4') in 0.014713 seconds 
========================================================================
Received Import Request.
  Time since last request: 0.000034 seconds.
  path: Assets/PocketZoneRes/player/Туловище 4.png
  artifactKey: Guid(7e8aa38e1fe5c1243a9b498171835b72) Importer(815301076,1909f56bfc062723c751e8b465ee728b)
Start importing Assets/PocketZoneRes/player/Туловище 4.png using Guid(7e8aa38e1fe5c1243a9b498171835b72) Importer(815301076,1909f56bfc062723c751e8b465ee728b)  -> (artifact id: 'f983582b7f49e016c15f6ea6876ed7d9') in 0.049176 seconds 
========================================================================
Received Import Request.
  Time since last request: 0.000048 seconds.
  path: Assets/PocketZoneRes/player/Туловище 9.png
  artifactKey: Guid(19d6bde8b5d10cf4f89c3d6ac3e35a8f) Importer(815301076,1909f56bfc062723c751e8b465ee728b)
Start importing Assets/PocketZoneRes/player/Туловище 9.png using Guid(19d6bde8b5d10cf4f89c3d6ac3e35a8f) Importer(815301076,1909f56bfc062723c751e8b465ee728b)  -> (artifact id: 'f017e032c1bd1c6aa609c30ff9b22285') in 0.014303 seconds 
========================================================================
Received Import Request.
  Time since last request: 0.000030 seconds.
  path: Assets/PocketZoneRes/player/Туловище 1.png
  artifactKey: Guid(54da454067b74ca4190f6db7effb6b98) Importer(815301076,1909f56bfc062723c751e8b465ee728b)
Start importing Assets/PocketZoneRes/player/Туловище 1.png using Guid(54da454067b74ca4190f6db7effb6b98) Importer(815301076,1909f56bfc062723c751e8b465ee728b)  -> (artifact id: '3e62dce3b9fd88d6d8ee5088b753fb30') in 0.014399 seconds 
========================================================================
Received Import Request.
  Time since last request: 0.000030 seconds.
  path: Assets/PocketZoneRes/player/Голова 7.png
  artifactKey: Guid(2c8cf16db947f774ab9c0eea6a30018f) Importer(815301076,1909f56bfc062723c751e8b465ee728b)
Start importing Assets/PocketZoneRes/player/Голова 7.png using Guid(2c8cf16db947f774ab9c0eea6a30018f) Importer(815301076,1909f56bfc062723c751e8b465ee728b)  -> (artifact id: '8772984363f439dce48a061d18b27e72') in 0.014016 seconds 
========================================================================
Received Import Request.
  Time since last request: 1.830035 seconds.
  path: Assets/PocketZoneRes/tilemap/celianna_TileA2.png
  artifactKey: Guid(c39ba342b1189df4285d848bfe1de475) Importer(815301076,1909f56bfc062723c751e8b465ee728b)
Start importing Assets/PocketZoneRes/tilemap/celianna_TileA2.png using Guid(c39ba342b1189df4285d848bfe1de475) Importer(815301076,1909f56bfc062723c751e8b465ee728b)  -> (artifact id: 'd8b35c348c444ac74ddfc68afad76459') in 0.553599 seconds 
Editor requested this worker to shutdown with reason: Scaling down because of idle timeout
AssetImportWorker is now disconnected from the server
Process exiting
Exiting without the bug reporter. Application will terminate with return code 0